2024-05-10T16:37:14.961002+00:00 INFO 'ansible_navigator.setup_logger' New ansible-navigator instance, logging initialized
2024-05-10T16:37:14.961557+00:00 INFO 'ansible_navigator.setup_logger' New ansible-runner instance, logging initialized
2024-05-10T16:37:14.961592+00:00 DEBUG 'ansible_navigator.main' Jinja2==3.1.4 
2024-05-10T16:37:14.961613+00:00 DEBUG 'ansible_navigator.main' MarkupSafe==2.1.5 
2024-05-10T16:37:14.961633+00:00 DEBUG 'ansible_navigator.main' Parsley==1.3 
2024-05-10T16:37:14.961651+00:00 DEBUG 'ansible_navigator.main' PyYAML==6.0.1 
2024-05-10T16:37:14.961667+00:00 DEBUG 'ansible_navigator.main' Pygments==2.18.0 
2024-05-10T16:37:14.961690+00:00 DEBUG 'ansible_navigator.main' ansible-builder==3.0.1 
2024-05-10T16:37:14.961719+00:00 DEBUG 'ansible_navigator.main' ansible-compat==4.1.11 
2024-05-10T16:37:14.961741+00:00 DEBUG 'ansible_navigator.main' ansible-core==2.16.6 
2024-05-10T16:37:14.961757+00:00 DEBUG 'ansible_navigator.main' ansible-lint==24.2.3 
2024-05-10T16:37:14.961771+00:00 DEBUG 'ansible_navigator.main' ansible-navigator==24.3.2 
2024-05-10T16:37:14.961785+00:00 DEBUG 'ansible_navigator.main' ansible-runner==2.3.6 
2024-05-10T16:37:14.961799+00:00 DEBUG 'ansible_navigator.main' ansible==9.5.1 /opt/homebrew/Caskroom/miniconda/base/envs/ansible/lib/python3.11/site-packages/ansible/__init__.py
2024-05-10T16:37:14.961812+00:00 DEBUG 'ansible_navigator.main' attrs==23.2.0 /opt/homebrew/Caskroom/miniconda/base/envs/ansible/lib/python3.11/site-packages/attrs/__init__.py
2024-05-10T16:37:14.961825+00:00 DEBUG 'ansible_navigator.main' bindep==2.11.0 /opt/homebrew/Caskroom/miniconda/base/envs/ansible/lib/python3.11/site-packages/bindep/__init__.py
2024-05-10T16:37:14.961838+00:00 DEBUG 'ansible_navigator.main' black==24.4.2 /opt/homebrew/Caskroom/miniconda/base/envs/ansible/lib/python3.11/site-packages/black/__init__.cpython-311-darwin.so
2024-05-10T16:37:14.961851+00:00 DEBUG 'ansible_navigator.main' bracex==2.4 /opt/homebrew/Caskroom/miniconda/base/envs/ansible/lib/python3.11/site-packages/bracex/__init__.py
2024-05-10T16:37:14.961864+00:00 DEBUG 'ansible_navigator.main' cffi==1.16.0 /opt/homebrew/Caskroom/miniconda/base/envs/ansible/lib/python3.11/site-packages/cffi/__init__.py
2024-05-10T16:37:14.961877+00:00 DEBUG 'ansible_navigator.main' click==8.1.7 /opt/homebrew/Caskroom/miniconda/base/envs/ansible/lib/python3.11/site-packages/click/__init__.py
2024-05-10T16:37:14.961889+00:00 DEBUG 'ansible_navigator.main' cryptography==42.0.7 /opt/homebrew/Caskroom/miniconda/base/envs/ansible/lib/python3.11/site-packages/cryptography/__init__.py
2024-05-10T16:37:14.961902+00:00 DEBUG 'ansible_navigator.main' distro==1.9.0 /opt/homebrew/Caskroom/miniconda/base/envs/ansible/lib/python3.11/site-packages/distro/__init__.py
2024-05-10T16:37:14.961915+00:00 DEBUG 'ansible_navigator.main' docutils==0.21.2 /opt/homebrew/Caskroom/miniconda/base/envs/ansible/lib/python3.11/site-packages/docutils/__init__.py
2024-05-10T16:37:14.961928+00:00 DEBUG 'ansible_navigator.main' filelock==3.14.0 /opt/homebrew/Caskroom/miniconda/base/envs/ansible/lib/python3.11/site-packages/filelock/__init__.py
2024-05-10T16:37:14.961940+00:00 DEBUG 'ansible_navigator.main' jsonschema-specifications==2023.12.1 
2024-05-10T16:37:14.961952+00:00 DEBUG 'ansible_navigator.main' jsonschema==4.22.0 /opt/homebrew/Caskroom/miniconda/base/envs/ansible/lib/python3.11/site-packages/jsonschema/__init__.py
2024-05-10T16:37:14.961965+00:00 DEBUG 'ansible_navigator.main' lockfile==0.12.2 /opt/homebrew/Caskroom/miniconda/base/envs/ansible/lib/python3.11/site-packages/lockfile/__init__.py
2024-05-10T16:37:14.961977+00:00 DEBUG 'ansible_navigator.main' markdown-it-py==3.0.0 
2024-05-10T16:37:14.961989+00:00 DEBUG 'ansible_navigator.main' mdurl==0.1.2 /opt/homebrew/Caskroom/miniconda/base/envs/ansible/lib/python3.11/site-packages/mdurl/__init__.py
2024-05-10T16:37:14.962004+00:00 DEBUG 'ansible_navigator.main' mypy-extensions==1.0.0 
2024-05-10T16:37:14.962016+00:00 DEBUG 'ansible_navigator.main' onigurumacffi==1.3.0 /opt/homebrew/Caskroom/miniconda/base/envs/ansible/lib/python3.11/site-packages/onigurumacffi.py
2024-05-10T16:37:14.962038+00:00 DEBUG 'ansible_navigator.main' packaging==24.0 /opt/homebrew/Caskroom/miniconda/base/envs/ansible/lib/python3.11/site-packages/packaging/__init__.py
2024-05-10T16:37:14.962050+00:00 DEBUG 'ansible_navigator.main' pathspec==0.12.1 /opt/homebrew/Caskroom/miniconda/base/envs/ansible/lib/python3.11/site-packages/pathspec/__init__.py
2024-05-10T16:37:14.962062+00:00 DEBUG 'ansible_navigator.main' pbr==6.0.0 /opt/homebrew/Caskroom/miniconda/base/envs/ansible/lib/python3.11/site-packages/pbr/__init__.py
2024-05-10T16:37:14.962074+00:00 DEBUG 'ansible_navigator.main' pexpect==4.9.0 /opt/homebrew/Caskroom/miniconda/base/envs/ansible/lib/python3.11/site-packages/pexpect/__init__.py
2024-05-10T16:37:14.962086+00:00 DEBUG 'ansible_navigator.main' pip==24.0 /opt/homebrew/Caskroom/miniconda/base/envs/ansible/lib/python3.11/site-packages/pip/__init__.py
2024-05-10T16:37:14.962096+00:00 DEBUG 'ansible_navigator.main' platformdirs==4.2.1 /opt/homebrew/Caskroom/miniconda/base/envs/ansible/lib/python3.11/site-packages/platformdirs/__init__.py
2024-05-10T16:37:14.962108+00:00 DEBUG 'ansible_navigator.main' ptyprocess==0.7.0 /opt/homebrew/Caskroom/miniconda/base/envs/ansible/lib/python3.11/site-packages/ptyprocess/__init__.py
2024-05-10T16:37:14.962119+00:00 DEBUG 'ansible_navigator.main' pycparser==2.22 /opt/homebrew/Caskroom/miniconda/base/envs/ansible/lib/python3.11/site-packages/pycparser/__init__.py
2024-05-10T16:37:14.962130+00:00 DEBUG 'ansible_navigator.main' python-daemon==3.0.1 
2024-05-10T16:37:14.962141+00:00 DEBUG 'ansible_navigator.main' referencing==0.35.1 /opt/homebrew/Caskroom/miniconda/base/envs/ansible/lib/python3.11/site-packages/referencing/__init__.py
2024-05-10T16:37:14.962152+00:00 DEBUG 'ansible_navigator.main' requirements-parser==0.9.0 
2024-05-10T16:37:14.962163+00:00 DEBUG 'ansible_navigator.main' resolvelib==1.0.1 /opt/homebrew/Caskroom/miniconda/base/envs/ansible/lib/python3.11/site-packages/resolvelib/__init__.py
2024-05-10T16:37:14.962174+00:00 DEBUG 'ansible_navigator.main' rich==13.7.1 /opt/homebrew/Caskroom/miniconda/base/envs/ansible/lib/python3.11/site-packages/rich/__init__.py
2024-05-10T16:37:14.962185+00:00 DEBUG 'ansible_navigator.main' rpds-py==0.18.1 
2024-05-10T16:37:14.962195+00:00 DEBUG 'ansible_navigator.main' ruamel.yaml.clib==0.2.8 
2024-05-10T16:37:14.962206+00:00 DEBUG 'ansible_navigator.main' ruamel.yaml==0.18.6 /opt/homebrew/Caskroom/miniconda/base/envs/ansible/lib/python3.11/site-packages/ruamel/yaml/__init__.py
2024-05-10T16:37:14.962217+00:00 DEBUG 'ansible_navigator.main' setuptools==69.5.1 /opt/homebrew/Caskroom/miniconda/base/envs/ansible/lib/python3.11/site-packages/setuptools/__init__.py
2024-05-10T16:37:14.962228+00:00 DEBUG 'ansible_navigator.main' six==1.16.0 /opt/homebrew/Caskroom/miniconda/base/envs/ansible/lib/python3.11/site-packages/six.py
2024-05-10T16:37:14.962238+00:00 DEBUG 'ansible_navigator.main' subprocess-tee==0.4.1 
2024-05-10T16:37:14.962249+00:00 DEBUG 'ansible_navigator.main' types-setuptools==69.5.0.20240423 
2024-05-10T16:37:14.962259+00:00 DEBUG 'ansible_navigator.main' tzdata==2024.1 /opt/homebrew/Caskroom/miniconda/base/envs/ansible/lib/python3.11/site-packages/tzdata/__init__.py
2024-05-10T16:37:14.962270+00:00 DEBUG 'ansible_navigator.main' wcmatch==8.5.1 /opt/homebrew/Caskroom/miniconda/base/envs/ansible/lib/python3.11/site-packages/wcmatch/__init__.py
2024-05-10T16:37:14.962280+00:00 DEBUG 'ansible_navigator.main' wheel==0.43.0 /opt/homebrew/Caskroom/miniconda/base/envs/ansible/lib/python3.11/site-packages/wheel/__init__.py
2024-05-10T16:37:14.962291+00:00 DEBUG 'ansible_navigator.main' yamllint==1.35.1 /opt/homebrew/Caskroom/miniconda/base/envs/ansible/lib/python3.11/site-packages/yamllint/__init__.py
2024-05-10T16:37:14.962301+00:00 DEBUG 'ansible_navigator.main' Default collection_doc_cache_path set to: /Users/mrifqi/.cache/ansible-navigator/collection_doc_cache.db
2024-05-10T16:37:14.962312+00:00 DEBUG 'ansible_navigator.main' EDITOR environment variable set as 'nvim'
2024-05-10T16:37:14.962329+00:00 DEBUG 'ansible_navigator.main' Default editor_command set to: nvim {filename}
2024-05-10T16:37:14.962340+00:00 DEBUG 'ansible_navigator.main' No config file set by ANSIBLE_NAVIGATOR_CONFIG
2024-05-10T16:37:14.962351+00:00 DEBUG 'ansible_navigator.main' Looking in /Users/mrifqi
2024-05-10T16:37:14.962361+00:00 DEBUG 'ansible_navigator.main' Looking for '/Users/mrifqi/.ansible-navigator.yml', '/Users/mrifqi/.ansible-navigator.yaml' and '/Users/mrifqi/.ansible-navigator.json'
2024-05-10T16:37:14.962372+00:00 DEBUG 'ansible_navigator.main' Found 0: 
2024-05-10T16:37:14.962383+00:00 DEBUG 'ansible_navigator.main' Looking in /Users/mrifqi/personal/gitrepo/hetzner/ansible/proxmox-install
2024-05-10T16:37:14.962394+00:00 DEBUG 'ansible_navigator.main' Looking for '/Users/mrifqi/personal/gitrepo/hetzner/ansible/proxmox-install/ansible-navigator.yml', '/Users/mrifqi/personal/gitrepo/hetzner/ansible/proxmox-install/ansible-navigator.yaml' and '/Users/mrifqi/personal/gitrepo/hetzner/ansible/proxmox-install/ansible-navigator.json'
2024-05-10T16:37:14.962405+00:00 DEBUG 'ansible_navigator.main' Found 0: 
2024-05-10T16:37:14.962416+00:00 DEBUG 'ansible_navigator.main' All found 0: 
2024-05-10T16:37:14.962427+00:00 DEBUG 'ansible_navigator.main' Using: None
2024-05-10T16:37:14.962438+00:00 DEBUG 'ansible_navigator.main' No valid settings file found, using all default values for settings.
2024-05-10T16:37:14.962449+00:00 DEBUG 'ansible_navigator.main' Command provided: 'doc'
2024-05-10T16:37:14.962460+00:00 DEBUG 'ansible_navigator.main' EE support enabled: using current working directory for 'ansible.cfg'
2024-05-10T16:37:14.962471+00:00 INFO 'ansible_navigator.main' EE support enabled: no 'ansible.cfg' found in current working directory. Tried /Users/mrifqi/personal/gitrepo/hetzner/ansible/proxmox-install/ansible.cfg
2024-05-10T16:37:14.962482+00:00 DEBUG 'ansible_navigator.main' Completed post processing for ansible_runner_artifact_dir. (changed=False)
2024-05-10T16:37:14.962493+00:00 DEBUG 'ansible_navigator.main' Completed post processing for ansible_runner_rotate_artifacts_count. (changed=False)
2024-05-10T16:37:14.962503+00:00 DEBUG 'ansible_navigator.main' Completed post processing for ansible_runner_timeout. (changed=False)
2024-05-10T16:37:14.962514+00:00 DEBUG 'ansible_navigator.main' Completed post processing for cmdline. (changed=False)
2024-05-10T16:37:14.962525+00:00 DEBUG 'ansible_navigator.main' Completed post processing for collection_doc_cache_path. (changed=False)
2024-05-10T16:37:14.962535+00:00 DEBUG 'ansible_navigator.main' Completed post processing for container_engine. (changed=True)
2024-05-10T16:37:14.962546+00:00 DEBUG 'ansible_navigator.main'  before: 'auto'
2024-05-10T16:37:14.962556+00:00 DEBUG 'ansible_navigator.main'  after: 'docker'
2024-05-10T16:37:14.962567+00:00 DEBUG 'ansible_navigator.main' Completed post processing for container_options. (changed=False)
2024-05-10T16:37:14.962577+00:00 DEBUG 'ansible_navigator.main' Completed post processing for display_color. (changed=False)
2024-05-10T16:37:14.962588+00:00 DEBUG 'ansible_navigator.main' Completed post processing for enable_prompts. (changed=False)
2024-05-10T16:37:14.962598+00:00 DEBUG 'ansible_navigator.main' Completed post processing for execution_environment. (changed=False)
2024-05-10T16:37:14.962608+00:00 DEBUG 'ansible_navigator.main' Completed post processing for execution_environment_image. (changed=False)
2024-05-10T16:37:14.962619+00:00 DEBUG 'ansible_navigator.main' Completed post processing for help_builder. (changed=False)
2024-05-10T16:37:14.962629+00:00 DEBUG 'ansible_navigator.main' Completed post processing for help_config. (changed=False)
2024-05-10T16:37:14.962640+00:00 DEBUG 'ansible_navigator.main' Completed post processing for help_doc. (changed=False)
2024-05-10T16:37:14.962650+00:00 DEBUG 'ansible_navigator.main' Completed post processing for help_inventory. (changed=False)
2024-05-10T16:37:14.962660+00:00 DEBUG 'ansible_navigator.main' Completed post processing for help_playbook. (changed=False)
2024-05-10T16:37:14.962675+00:00 DEBUG 'ansible_navigator.main' Completed post processing for images_details. (changed=False)
2024-05-10T16:37:14.962686+00:00 DEBUG 'ansible_navigator.main' Completed post processing for inventory. (changed=False)
2024-05-10T16:37:14.962697+00:00 DEBUG 'ansible_navigator.main' Completed post processing for inventory_column. (changed=False)
2024-05-10T16:37:14.962707+00:00 DEBUG 'ansible_navigator.main' Completed post processing for log_file. (changed=False)
2024-05-10T16:37:14.962718+00:00 DEBUG 'ansible_navigator.main' Completed post processing for pass_environment_variable. (changed=False)
2024-05-10T16:37:14.962729+00:00 DEBUG 'ansible_navigator.main' Completed post processing for playbook. (changed=False)
2024-05-10T16:37:14.962740+00:00 DEBUG 'ansible_navigator.main' Completed post processing for playbook_artifact_replay. (changed=False)
2024-05-10T16:37:14.962750+00:00 DEBUG 'ansible_navigator.main' Completed post processing for playbook_artifact_save_as. (changed=False)
2024-05-10T16:37:14.962762+00:00 DEBUG 'ansible_navigator.main' Completed post processing for plugin_name. (changed=False)
2024-05-10T16:37:14.962772+00:00 DEBUG 'ansible_navigator.main' Completed post processing for pull_arguments. (changed=False)
2024-05-10T16:37:14.962783+00:00 DEBUG 'ansible_navigator.main' Completed post processing for set_environment_variable. (changed=False)
2024-05-10T16:37:14.962794+00:00 DEBUG 'ansible_navigator.main' Completed post processing for settings_effective. (changed=False)
2024-05-10T16:37:14.962805+00:00 DEBUG 'ansible_navigator.main' Completed post processing for settings_sample. (changed=False)
2024-05-10T16:37:14.962816+00:00 DEBUG 'ansible_navigator.main' Completed post processing for settings_schema. (changed=False)
2024-05-10T16:37:14.962827+00:00 DEBUG 'ansible_navigator.main' Completed post processing for settings_sources. (changed=False)
2024-05-10T16:37:14.962837+00:00 DEBUG 'ansible_navigator.main' Completed post processing for time_zone. (changed=False)
2024-05-10T16:37:14.962848+00:00 DEBUG 'ansible_navigator.main' Completed post processing for execution_environment_volume_mounts. (changed=False)
2024-05-10T16:37:14.962858+00:00 DEBUG 'ansible_navigator.main' Completed post processing for mode. (changed=False)
2024-05-10T16:37:14.962869+00:00 DEBUG 'ansible_navigator.main' Completed post processing for playbook_artifact_enable. (changed=False)
2024-05-10T16:37:14.962881+00:00 WARNING 'ansible_navigator.main' Configuration errors encountered, rolling back to previous configuration.
2024-05-10T16:37:14.962892+00:00 DEBUG 'ansible_navigator.main' Prior to rollback: ansible_runner_artifact_dir = 'Not set' (Constants/Not set)
2024-05-10T16:37:14.962902+00:00 DEBUG 'ansible_navigator.main' Prior to rollback: ansible_runner_rotate_artifacts_count = 'Not set' (Constants/Not set)
2024-05-10T16:37:14.962913+00:00 DEBUG 'ansible_navigator.main' Prior to rollback: ansible_runner_timeout = 'Not set' (Constants/Not set)
2024-05-10T16:37:14.962923+00:00 DEBUG 'ansible_navigator.main' Prior to rollback: ansible_runner_write_job_events = 'False' (bool/Defaults)
2024-05-10T16:37:14.962933+00:00 DEBUG 'ansible_navigator.main' Prior to rollback: app = 'doc' (str/Command line)
2024-05-10T16:37:14.962943+00:00 DEBUG 'ansible_navigator.main' Prior to rollback: cmdline = 'Not set' (Constants/Not set)
2024-05-10T16:37:14.962954+00:00 DEBUG 'ansible_navigator.main' Prior to rollback: collection_doc_cache_path = '/Users/mrifqi/.cache/ansible-navigator/collection_doc_cache.db' (str/Defaults)
2024-05-10T16:37:14.962964+00:00 DEBUG 'ansible_navigator.main' Prior to rollback: config = 'Not set' (Constants/Not set)
2024-05-10T16:37:14.962975+00:00 DEBUG 'ansible_navigator.main' Prior to rollback: container_engine = 'docker' (str/Automatically determined)
2024-05-10T16:37:14.962985+00:00 DEBUG 'ansible_navigator.main' Prior to rollback: container_options = 'Not set' (Constants/Not set)
2024-05-10T16:37:14.962995+00:00 DEBUG 'ansible_navigator.main' Prior to rollback: display_color = 'True' (bool/Defaults)
2024-05-10T16:37:14.963012+00:00 DEBUG 'ansible_navigator.main' Prior to rollback: editor_command = 'nvim {filename}' (str/Defaults)
2024-05-10T16:37:14.963022+00:00 DEBUG 'ansible_navigator.main' Prior to rollback: editor_console = 'True' (bool/Defaults)
2024-05-10T16:37:14.963033+00:00 DEBUG 'ansible_navigator.main' Prior to rollback: enable_prompts = 'False' (bool/Defaults)
2024-05-10T16:37:14.963043+00:00 DEBUG 'ansible_navigator.main' Prior to rollback: exec_command = '/bin/bash' (str/Defaults)
2024-05-10T16:37:14.963054+00:00 DEBUG 'ansible_navigator.main' Prior to rollback: exec_shell = 'True' (bool/Defaults)
2024-05-10T16:37:14.963064+00:00 DEBUG 'ansible_navigator.main' Prior to rollback: execution_environment = 'True' (bool/Defaults)
2024-05-10T16:37:14.963075+00:00 DEBUG 'ansible_navigator.main' Prior to rollback: execution_environment_image = 'ghcr.io/ansible/creator-ee:v24.2.0' (str/Defaults)
2024-05-10T16:37:14.963085+00:00 DEBUG 'ansible_navigator.main' Prior to rollback: execution_environment_volume_mounts = 'Not set' (Constants/Not set)
2024-05-10T16:37:14.963096+00:00 DEBUG 'ansible_navigator.main' Prior to rollback: format = 'yaml' (str/Defaults)
2024-05-10T16:37:14.963107+00:00 DEBUG 'ansible_navigator.main' Prior to rollback: help_builder = 'False' (bool/Defaults)
2024-05-10T16:37:14.963117+00:00 DEBUG 'ansible_navigator.main' Prior to rollback: help_config = 'False' (bool/Defaults)
2024-05-10T16:37:14.963128+00:00 DEBUG 'ansible_navigator.main' Prior to rollback: help_doc = 'False' (bool/Defaults)
2024-05-10T16:37:14.963138+00:00 DEBUG 'ansible_navigator.main' Prior to rollback: help_inventory = 'False' (bool/Defaults)
2024-05-10T16:37:14.963149+00:00 DEBUG 'ansible_navigator.main' Prior to rollback: help_playbook = 'False' (bool/Defaults)
2024-05-10T16:37:14.963159+00:00 DEBUG 'ansible_navigator.main' Prior to rollback: images_details = '['everything']' (list/Defaults)
2024-05-10T16:37:14.963170+00:00 DEBUG 'ansible_navigator.main' Prior to rollback: inventory = 'Not set' (Constants/Not set)
2024-05-10T16:37:14.963180+00:00 DEBUG 'ansible_navigator.main' Prior to rollback: inventory_column = 'Not set' (Constants/Not set)
2024-05-10T16:37:14.963190+00:00 DEBUG 'ansible_navigator.main' Prior to rollback: lint_config = 'Not set' (Constants/Not set)
2024-05-10T16:37:14.963201+00:00 DEBUG 'ansible_navigator.main' Prior to rollback: lintables = 'Not set' (Constants/Not set)
2024-05-10T16:37:14.963211+00:00 DEBUG 'ansible_navigator.main' Prior to rollback: log_append = 'True' (bool/Defaults)
2024-05-10T16:37:14.963222+00:00 DEBUG 'ansible_navigator.main' Prior to rollback: log_file = '/Users/mrifqi/personal/gitrepo/hetzner/ansible/proxmox-install/ansible-navigator.log' (str/Defaults)
2024-05-10T16:37:14.963233+00:00 DEBUG 'ansible_navigator.main' Prior to rollback: log_level = 'warning' (str/Defaults)
2024-05-10T16:37:14.963244+00:00 DEBUG 'ansible_navigator.main' Prior to rollback: mode = 'interactive' (str/Defaults)
2024-05-10T16:37:14.963254+00:00 DEBUG 'ansible_navigator.main' Prior to rollback: osc4 = 'True' (bool/Defaults)
2024-05-10T16:37:14.963265+00:00 DEBUG 'ansible_navigator.main' Prior to rollback: pass_environment_variable = 'Not set' (Constants/Not set)
2024-05-10T16:37:14.963275+00:00 DEBUG 'ansible_navigator.main' Prior to rollback: playbook = 'Not set' (Constants/Not set)
2024-05-10T16:37:14.963286+00:00 DEBUG 'ansible_navigator.main' Prior to rollback: playbook_artifact_enable = 'True' (bool/Defaults)
2024-05-10T16:37:14.963296+00:00 DEBUG 'ansible_navigator.main' Prior to rollback: playbook_artifact_replay = 'Not set' (Constants/Not set)
2024-05-10T16:37:14.963307+00:00 DEBUG 'ansible_navigator.main' Prior to rollback: playbook_artifact_save_as = '{playbook_dir}/{playbook_name}-artifact-{time_stamp}.json' (str/Defaults)
2024-05-10T16:37:14.963317+00:00 DEBUG 'ansible_navigator.main' Prior to rollback: plugin_name = 'Not set' (Constants/Not set)
2024-05-10T16:37:14.963328+00:00 DEBUG 'ansible_navigator.main' Prior to rollback: plugin_type = 'module' (str/Defaults)
2024-05-10T16:37:14.963342+00:00 DEBUG 'ansible_navigator.main' Prior to rollback: pull_arguments = 'Not set' (Constants/Not set)
2024-05-10T16:37:14.963353+00:00 DEBUG 'ansible_navigator.main' Prior to rollback: pull_policy = 'tag' (str/Defaults)
2024-05-10T16:37:14.963363+00:00 DEBUG 'ansible_navigator.main' Prior to rollback: set_environment_variable = 'Not set' (Constants/Not set)
2024-05-10T16:37:14.963374+00:00 DEBUG 'ansible_navigator.main' Prior to rollback: settings_effective = 'False' (bool/Defaults)
2024-05-10T16:37:14.963384+00:00 DEBUG 'ansible_navigator.main' Prior to rollback: settings_sample = 'False' (bool/Defaults)
2024-05-10T16:37:14.963395+00:00 DEBUG 'ansible_navigator.main' Prior to rollback: settings_schema = 'json' (str/Defaults)
2024-05-10T16:37:14.963405+00:00 DEBUG 'ansible_navigator.main' Prior to rollback: settings_sources = 'False' (bool/Defaults)
2024-05-10T16:37:14.963415+00:00 DEBUG 'ansible_navigator.main' Prior to rollback: time_zone = 'UTC' (str/Defaults)
2024-05-10T16:37:14.963426+00:00 DEBUG 'ansible_navigator.main' Prior to rollback: workdir = '/Users/mrifqi/personal/gitrepo/hetzner/ansible/proxmox-install' (str/Defaults)
2024-05-10T16:37:14.963436+00:00 DEBUG 'ansible_navigator.main' After rollback: ansible_runner_artifact_dir = 'Not set' (Constants/Not set)
2024-05-10T16:37:14.963447+00:00 DEBUG 'ansible_navigator.main' After rollback: ansible_runner_rotate_artifacts_count = 'Not set' (Constants/Not set)
2024-05-10T16:37:14.963457+00:00 DEBUG 'ansible_navigator.main' After rollback: ansible_runner_timeout = 'Not set' (Constants/Not set)
2024-05-10T16:37:14.963468+00:00 DEBUG 'ansible_navigator.main' After rollback: ansible_runner_write_job_events = 'Not set' (Constants/Not set)
2024-05-10T16:37:14.963478+00:00 DEBUG 'ansible_navigator.main' After rollback: app = 'Not set' (Constants/Not set)
2024-05-10T16:37:14.963488+00:00 DEBUG 'ansible_navigator.main' After rollback: cmdline = 'Not set' (Constants/Not set)
2024-05-10T16:37:14.963499+00:00 DEBUG 'ansible_navigator.main' After rollback: collection_doc_cache_path = 'Not set' (Constants/Not set)
2024-05-10T16:37:14.963509+00:00 DEBUG 'ansible_navigator.main' After rollback: config = 'Not set' (Constants/Not set)
2024-05-10T16:37:14.963519+00:00 DEBUG 'ansible_navigator.main' After rollback: container_engine = 'Not set' (Constants/Not set)
2024-05-10T16:37:14.963529+00:00 DEBUG 'ansible_navigator.main' After rollback: container_options = 'Not set' (Constants/Not set)
2024-05-10T16:37:14.963540+00:00 DEBUG 'ansible_navigator.main' After rollback: display_color = 'Not set' (Constants/Not set)
2024-05-10T16:37:14.963550+00:00 DEBUG 'ansible_navigator.main' After rollback: editor_command = 'Not set' (Constants/Not set)
2024-05-10T16:37:14.963561+00:00 DEBUG 'ansible_navigator.main' After rollback: editor_console = 'Not set' (Constants/Not set)
2024-05-10T16:37:14.963571+00:00 DEBUG 'ansible_navigator.main' After rollback: enable_prompts = 'Not set' (Constants/Not set)
2024-05-10T16:37:14.963582+00:00 DEBUG 'ansible_navigator.main' After rollback: exec_command = 'Not set' (Constants/Not set)
2024-05-10T16:37:14.963592+00:00 DEBUG 'ansible_navigator.main' After rollback: exec_shell = 'Not set' (Constants/Not set)
2024-05-10T16:37:14.963603+00:00 DEBUG 'ansible_navigator.main' After rollback: execution_environment = 'Not set' (Constants/Not set)
2024-05-10T16:37:14.963613+00:00 DEBUG 'ansible_navigator.main' After rollback: execution_environment_image = 'Not set' (Constants/Not set)
2024-05-10T16:37:14.963624+00:00 DEBUG 'ansible_navigator.main' After rollback: execution_environment_volume_mounts = 'Not set' (Constants/Not set)
2024-05-10T16:37:14.963634+00:00 DEBUG 'ansible_navigator.main' After rollback: format = 'Not set' (Constants/Not set)
2024-05-10T16:37:14.963644+00:00 DEBUG 'ansible_navigator.main' After rollback: help_builder = 'Not set' (Constants/Not set)
2024-05-10T16:37:14.963655+00:00 DEBUG 'ansible_navigator.main' After rollback: help_config = 'Not set' (Constants/Not set)
2024-05-10T16:37:14.963665+00:00 DEBUG 'ansible_navigator.main' After rollback: help_doc = 'Not set' (Constants/Not set)
2024-05-10T16:37:14.963679+00:00 DEBUG 'ansible_navigator.main' After rollback: help_inventory = 'Not set' (Constants/Not set)
2024-05-10T16:37:14.963690+00:00 DEBUG 'ansible_navigator.main' After rollback: help_playbook = 'Not set' (Constants/Not set)
2024-05-10T16:37:14.963700+00:00 DEBUG 'ansible_navigator.main' After rollback: images_details = 'Not set' (Constants/Not set)
2024-05-10T16:37:14.963710+00:00 DEBUG 'ansible_navigator.main' After rollback: inventory = 'Not set' (Constants/Not set)
2024-05-10T16:37:14.963721+00:00 DEBUG 'ansible_navigator.main' After rollback: inventory_column = 'Not set' (Constants/Not set)
2024-05-10T16:37:14.963731+00:00 DEBUG 'ansible_navigator.main' After rollback: lint_config = 'Not set' (Constants/Not set)
2024-05-10T16:37:14.963741+00:00 DEBUG 'ansible_navigator.main' After rollback: lintables = 'Not set' (Constants/Not set)
2024-05-10T16:37:14.963752+00:00 DEBUG 'ansible_navigator.main' After rollback: log_append = 'Not set' (Constants/Not set)
2024-05-10T16:37:14.963762+00:00 DEBUG 'ansible_navigator.main' After rollback: log_file = 'Not set' (Constants/Not set)
2024-05-10T16:37:14.963772+00:00 DEBUG 'ansible_navigator.main' After rollback: log_level = 'Not set' (Constants/Not set)
2024-05-10T16:37:14.963783+00:00 DEBUG 'ansible_navigator.main' After rollback: mode = 'Not set' (Constants/Not set)
2024-05-10T16:37:14.963793+00:00 DEBUG 'ansible_navigator.main' After rollback: osc4 = 'Not set' (Constants/Not set)
2024-05-10T16:37:14.963804+00:00 DEBUG 'ansible_navigator.main' After rollback: pass_environment_variable = 'Not set' (Constants/Not set)
2024-05-10T16:37:14.963814+00:00 DEBUG 'ansible_navigator.main' After rollback: playbook = 'Not set' (Constants/Not set)
2024-05-10T16:37:14.963824+00:00 DEBUG 'ansible_navigator.main' After rollback: playbook_artifact_enable = 'Not set' (Constants/Not set)
2024-05-10T16:37:14.963835+00:00 DEBUG 'ansible_navigator.main' After rollback: playbook_artifact_replay = 'Not set' (Constants/Not set)
2024-05-10T16:37:14.963845+00:00 DEBUG 'ansible_navigator.main' After rollback: playbook_artifact_save_as = 'Not set' (Constants/Not set)
2024-05-10T16:37:14.963855+00:00 DEBUG 'ansible_navigator.main' After rollback: plugin_name = 'Not set' (Constants/Not set)
2024-05-10T16:37:14.963866+00:00 DEBUG 'ansible_navigator.main' After rollback: plugin_type = 'Not set' (Constants/Not set)
2024-05-10T16:37:14.963876+00:00 DEBUG 'ansible_navigator.main' After rollback: pull_arguments = 'Not set' (Constants/Not set)
2024-05-10T16:37:14.963886+00:00 DEBUG 'ansible_navigator.main' After rollback: pull_policy = 'Not set' (Constants/Not set)
2024-05-10T16:37:14.963897+00:00 DEBUG 'ansible_navigator.main' After rollback: set_environment_variable = 'Not set' (Constants/Not set)
2024-05-10T16:37:14.963907+00:00 DEBUG 'ansible_navigator.main' After rollback: settings_effective = 'Not set' (Constants/Not set)
2024-05-10T16:37:14.963917+00:00 DEBUG 'ansible_navigator.main' After rollback: settings_sample = 'Not set' (Constants/Not set)
2024-05-10T16:37:14.963928+00:00 DEBUG 'ansible_navigator.main' After rollback: settings_schema = 'Not set' (Constants/Not set)
2024-05-10T16:37:14.963938+00:00 DEBUG 'ansible_navigator.main' After rollback: settings_sources = 'Not set' (Constants/Not set)
2024-05-10T16:37:14.963949+00:00 DEBUG 'ansible_navigator.main' After rollback: time_zone = 'Not set' (Constants/Not set)
2024-05-10T16:37:14.963959+00:00 DEBUG 'ansible_navigator.main' After rollback: workdir = 'Not set' (Constants/Not set)
2024-05-10T16:37:14.963969+00:00 DEBUG 'ansible_navigator.main' Configuration rollback complete.
2024-05-10T16:37:14.963980+00:00 DEBUG 'ansible_navigator.main' Collection doc cache not mounted
2024-05-10T16:37:14.963996+00:00 WARNING 'ansible_navigator.main' Issues were found while applying the settings.
2024-05-10T16:37:14.964008+00:00 INFO 'ansible_navigator.main' Command provided: 'doc'
2024-05-10T16:37:14.964022+00:00 ERROR 'ansible_navigator.main' A plugin name or other parameter is required when using the doc subcommand
2024-05-10T16:37:14.964038+00:00 INFO 'ansible_navigator.main' Try again with 'doc <plugin_name>'
2024-05-10T16:37:14.964050+00:00 INFO 'ansible_navigator.main' Configuration failed, using default log file location. (/Users/mrifqi/personal/gitrepo/hetzner/ansible/proxmox-install/ansible-navigator.log) Log level set to debug
2024-05-10T16:37:14.964062+00:00 INFO 'ansible_navigator.main' Review the hints and log file to see what went wrong.
2024-05-10T16:37:32.003264+00:00 WARNING 'ansible_navigator.image_manager.puller._log_message' Image inspection failed, image assumed to be corrupted or missing
2024-05-10T16:37:32.004260+00:00 WARNING 'ansible_navigator.image_manager.puller._log_message' stdout: []

2024-05-10T16:37:32.004307+00:00 WARNING 'ansible_navigator.image_manager.puller._log_message' stderr: Cannot connect to the Docker daemon at unix:///var/run/docker.sock. Is the docker daemon running?

2024-05-10T16:37:32.153673+00:00 ERROR 'ansible_navigator.image_manager.puller._log_message' Execution environment pull failed
2024-05-10T16:37:32.153891+00:00 ERROR 'ansible_navigator.image_manager.puller._log_message' Cannot connect to the Docker daemon at unix:///var/run/docker.sock. Is the docker daemon running?
2024-05-10T17:23:32.358549+00:00 CRITICAL 'ansible_navigator.actions.run_playbook._handle_message' Unhandled message from runner queue, discarded: {'event': 'verbose', 'uuid': '96582815-f141-4603-8786-869699eefe81', 'counter': 1, 'stdout': "\x1b[1;35m[WARNING]: error in 'jsonfile' cache plugin while trying to create cache dir\x1b[0m", 'start_line': 0, 'end_line': 1, 'runner_ident': 'b84107a3-34bb-4982-868d-082db9e2f223', 'created': '2024-05-10T17:23:32.347408'}
2024-05-10T17:23:32.359641+00:00 CRITICAL 'ansible_navigator.actions.run_playbook._handle_message' Unhandled message from runner queue, discarded: {'event': 'verbose', 'uuid': '28199d1e-fb15-4db0-b649-00b45eca9a68', 'counter': 2, 'stdout': '\x1b[1;35m/runner/artifacts/b84107a3-34bb-4982-868d-082db9e2f223/fact_cache : b"[Errno\x1b[0m', 'start_line': 1, 'end_line': 2, 'runner_ident': 'b84107a3-34bb-4982-868d-082db9e2f223', 'created': '2024-05-10T17:23:32.347915'}
2024-05-10T17:23:32.359688+00:00 CRITICAL 'ansible_navigator.actions.run_playbook._handle_message' Unhandled message from runner queue, discarded: {'event': 'verbose', 'uuid': '58ed2dcd-f00f-4d43-99b5-5909b6a8260e', 'counter': 3, 'stdout': '\x1b[1;35m13] Permission denied:\x1b[0m', 'start_line': 2, 'end_line': 3, 'runner_ident': 'b84107a3-34bb-4982-868d-082db9e2f223', 'created': '2024-05-10T17:23:32.347989'}
2024-05-10T17:23:32.359732+00:00 CRITICAL 'ansible_navigator.actions.run_playbook._handle_message' Unhandled message from runner queue, discarded: {'event': 'verbose', 'uuid': '66910be2-7874-4614-a03f-0344b9b954cc', 'counter': 4, 'stdout': '\x1b[1;35m\'/runner/artifacts/b84107a3-34bb-4982-868d-082db9e2f223\'"\x1b[0m', 'start_line': 3, 'end_line': 4, 'runner_ident': 'b84107a3-34bb-4982-868d-082db9e2f223', 'created': '2024-05-10T17:23:32.348032'}
2024-05-10T17:23:32.416232+00:00 CRITICAL 'ansible_navigator.actions.run_playbook._handle_message' Unhandled message from runner queue, discarded: {'event': 'verbose', 'uuid': 'b64a5192-c805-4c22-95b6-406236314ea1', 'counter': 5, 'stdout': '\x1b[0;31mERROR! Invalid callback for stdout specified: awx_display\x1b[0m', 'start_line': 4, 'end_line': 5, 'runner_ident': 'b84107a3-34bb-4982-868d-082db9e2f223', 'created': '2024-05-10T17:23:32.407135'}
2024-05-10T17:24:34.166208+00:00 CRITICAL 'ansible_navigator.actions.run_playbook._handle_message' Unhandled message from runner queue, discarded: {'event': 'verbose', 'uuid': 'd61d577c-e824-493e-946b-01f7f12eba30', 'counter': 1, 'stdout': '\x1b[0;34mansible-playbook [core 2.16.3]\x1b[0m', 'start_line': 0, 'end_line': 1, 'runner_ident': 'bb38aeb8-9807-47d1-a695-bd8035260968', 'created': '2024-05-10T17:24:34.162888'}
2024-05-10T17:24:34.169191+00:00 CRITICAL 'ansible_navigator.actions.run_playbook._handle_message' Unhandled message from runner queue, discarded: {'event': 'verbose', 'uuid': '74137b80-a68d-40d1-b6e4-83e536c78774', 'counter': 2, 'stdout': '\x1b[0;34m  config file = None\x1b[0m', 'start_line': 1, 'end_line': 2, 'runner_ident': 'bb38aeb8-9807-47d1-a695-bd8035260968', 'created': '2024-05-10T17:24:34.163354'}
2024-05-10T17:24:34.169389+00:00 CRITICAL 'ansible_navigator.actions.run_playbook._handle_message' Unhandled message from runner queue, discarded: {'event': 'verbose', 'uuid': '0abc5dcc-f740-421d-80b9-10484b2620df', 'counter': 3, 'stdout': "\x1b[0;34m  configured module search path = ['/home/runner/.ansible/plugins/modules', '/usr/share/ansible/plugins/modules']\x1b[0m", 'start_line': 2, 'end_line': 3, 'runner_ident': 'bb38aeb8-9807-47d1-a695-bd8035260968', 'created': '2024-05-10T17:24:34.163415'}
2024-05-10T17:24:34.169453+00:00 CRITICAL 'ansible_navigator.actions.run_playbook._handle_message' Unhandled message from runner queue, discarded: {'event': 'verbose', 'uuid': '3886f339-2018-40ea-96bc-133230574233', 'counter': 4, 'stdout': '\x1b[0;34m  ansible python module location = /usr/local/lib/python3.12/site-packages/ansible\x1b[0m', 'start_line': 3, 'end_line': 4, 'runner_ident': 'bb38aeb8-9807-47d1-a695-bd8035260968', 'created': '2024-05-10T17:24:34.163455'}
2024-05-10T17:24:34.169489+00:00 CRITICAL 'ansible_navigator.actions.run_playbook._handle_message' Unhandled message from runner queue, discarded: {'event': 'verbose', 'uuid': 'f511c09e-87c1-4284-9f33-ae99030e811c', 'counter': 5, 'stdout': '\x1b[0;34m  ansible collection location = /home/runner/.ansible/collections:/usr/share/ansible/collections\x1b[0m', 'start_line': 4, 'end_line': 5, 'runner_ident': 'bb38aeb8-9807-47d1-a695-bd8035260968', 'created': '2024-05-10T17:24:34.163499'}
2024-05-10T17:24:34.169521+00:00 CRITICAL 'ansible_navigator.actions.run_playbook._handle_message' Unhandled message from runner queue, discarded: {'event': 'verbose', 'uuid': 'bc955f78-3e73-4cdc-bb1b-0373274b7534', 'counter': 6, 'stdout': '\x1b[0;34m  executable location = /usr/local/bin/ansible-playbook\x1b[0m', 'start_line': 5, 'end_line': 6, 'runner_ident': 'bb38aeb8-9807-47d1-a695-bd8035260968', 'created': '2024-05-10T17:24:34.163535'}
2024-05-10T17:24:34.169550+00:00 CRITICAL 'ansible_navigator.actions.run_playbook._handle_message' Unhandled message from runner queue, discarded: {'event': 'verbose', 'uuid': '08b2ab4b-463d-4b12-9070-cbb834fc1330', 'counter': 7, 'stdout': '\x1b[0;34m  python version = 3.12.1 (main, Dec 18 2023, 00:00:00) [GCC 13.2.1 20231205 (Red Hat 13.2.1-6)] (/usr/bin/python3)\x1b[0m', 'start_line': 6, 'end_line': 7, 'runner_ident': 'bb38aeb8-9807-47d1-a695-bd8035260968', 'created': '2024-05-10T17:24:34.163572'}
2024-05-10T17:24:34.169598+00:00 CRITICAL 'ansible_navigator.actions.run_playbook._handle_message' Unhandled message from runner queue, discarded: {'event': 'verbose', 'uuid': '477afc9b-23ae-4af3-b5f7-f8ae0e4dc04f', 'counter': 8, 'stdout': '\x1b[0;34m  jinja version = 3.1.3\x1b[0m', 'start_line': 7, 'end_line': 8, 'runner_ident': 'bb38aeb8-9807-47d1-a695-bd8035260968', 'created': '2024-05-10T17:24:34.163612'}
2024-05-10T17:24:34.169654+00:00 CRITICAL 'ansible_navigator.actions.run_playbook._handle_message' Unhandled message from runner queue, discarded: {'event': 'verbose', 'uuid': '402cb5be-da14-4af3-a166-93e32885239e', 'counter': 9, 'stdout': '\x1b[0;34m  libyaml = True\x1b[0m', 'start_line': 8, 'end_line': 9, 'runner_ident': 'bb38aeb8-9807-47d1-a695-bd8035260968', 'created': '2024-05-10T17:24:34.163649'}
2024-05-10T17:24:34.169685+00:00 CRITICAL 'ansible_navigator.actions.run_playbook._handle_message' Unhandled message from runner queue, discarded: {'event': 'verbose', 'uuid': '865302ba-6f1c-4d19-8d79-bd45e93cc745', 'counter': 10, 'stdout': '\x1b[0;34mNo config file found; using defaults\x1b[0m', 'start_line': 9, 'end_line': 10, 'runner_ident': 'bb38aeb8-9807-47d1-a695-bd8035260968', 'created': '2024-05-10T17:24:34.163680'}
2024-05-10T17:24:34.254588+00:00 CRITICAL 'ansible_navigator.actions.run_playbook._handle_message' Unhandled message from runner queue, discarded: {'event': 'verbose', 'uuid': 'c0f969d5-6ec3-41a2-b453-2e5b54bb2a9e', 'counter': 11, 'stdout': '\x1b[0;34mhost_list declined parsing /Users/mrifqi/personal/gitrepo/hetzner/ansible/proxmox-install/inventory as it did not pass its verify_file() method\x1b[0m', 'start_line': 10, 'end_line': 11, 'runner_ident': 'bb38aeb8-9807-47d1-a695-bd8035260968', 'created': '2024-05-10T17:24:34.251595'}
2024-05-10T17:24:34.254674+00:00 CRITICAL 'ansible_navigator.actions.run_playbook._handle_message' Unhandled message from runner queue, discarded: {'event': 'verbose', 'uuid': '64bc56f3-5b28-4921-8711-7235ebfee877', 'counter': 12, 'stdout': '\x1b[0;34mscript declined parsing /Users/mrifqi/personal/gitrepo/hetzner/ansible/proxmox-install/inventory as it did not pass its verify_file() method\x1b[0m', 'start_line': 11, 'end_line': 12, 'runner_ident': 'bb38aeb8-9807-47d1-a695-bd8035260968', 'created': '2024-05-10T17:24:34.253171'}
2024-05-10T17:24:34.254707+00:00 CRITICAL 'ansible_navigator.actions.run_playbook._handle_message' Unhandled message from runner queue, discarded: {'event': 'verbose', 'uuid': '2c9b5770-f119-4b75-9c85-257851ffde41', 'counter': 13, 'stdout': '\x1b[0;34mauto declined parsing /Users/mrifqi/personal/gitrepo/hetzner/ansible/proxmox-install/inventory as it did not pass its verify_file() method\x1b[0m', 'start_line': 12, 'end_line': 13, 'runner_ident': 'bb38aeb8-9807-47d1-a695-bd8035260968', 'created': '2024-05-10T17:24:34.253413'}
2024-05-10T17:24:34.533394+00:00 CRITICAL 'ansible_navigator.actions.run_playbook._handle_message' Unhandled message from runner queue, discarded: {'event': 'verbose', 'uuid': '7a6dff6c-bb0f-4d6a-ae19-cbf0189fe3bd', 'counter': 14, 'stdout': '\x1b[0;34mParsed /Users/mrifqi/personal/gitrepo/hetzner/ansible/proxmox-install/inventory inventory source with ini plugin\x1b[0m', 'start_line': 13, 'end_line': 14, 'runner_ident': 'bb38aeb8-9807-47d1-a695-bd8035260968', 'created': '2024-05-10T17:24:34.525580'}
2024-05-10T17:24:34.533476+00:00 CRITICAL 'ansible_navigator.actions.run_playbook._handle_message' Unhandled message from runner queue, discarded: {'event': 'verbose', 'uuid': 'ad1756f5-b4ec-45ac-a37d-69649de73d84', 'counter': 15, 'stdout': "\x1b[1;35m[WARNING]: error in 'jsonfile' cache plugin while trying to create cache dir\x1b[0m", 'start_line': 14, 'end_line': 15, 'runner_ident': 'bb38aeb8-9807-47d1-a695-bd8035260968', 'created': '2024-05-10T17:24:34.529777'}
2024-05-10T17:24:34.533508+00:00 CRITICAL 'ansible_navigator.actions.run_playbook._handle_message' Unhandled message from runner queue, discarded: {'event': 'verbose', 'uuid': 'c05770af-6050-4897-a8d2-79a2ecfccf8d', 'counter': 16, 'stdout': '\x1b[1;35m/runner/artifacts/bb38aeb8-9807-47d1-a695-bd8035260968/fact_cache : b"[Errno\x1b[0m', 'start_line': 15, 'end_line': 16, 'runner_ident': 'bb38aeb8-9807-47d1-a695-bd8035260968', 'created': '2024-05-10T17:24:34.529851'}
2024-05-10T17:24:34.533535+00:00 CRITICAL 'ansible_navigator.actions.run_playbook._handle_message' Unhandled message from runner queue, discarded: {'event': 'verbose', 'uuid': '5ba996bc-a492-4ccf-a6ae-8d86f89e3acb', 'counter': 17, 'stdout': '\x1b[1;35m13] Permission denied:\x1b[0m', 'start_line': 16, 'end_line': 17, 'runner_ident': 'bb38aeb8-9807-47d1-a695-bd8035260968', 'created': '2024-05-10T17:24:34.529895'}
2024-05-10T17:24:34.533559+00:00 CRITICAL 'ansible_navigator.actions.run_playbook._handle_message' Unhandled message from runner queue, discarded: {'event': 'verbose', 'uuid': '0a8e3afa-3df9-419b-ab91-300f95d76bc2', 'counter': 18, 'stdout': '\x1b[1;35m\'/runner/artifacts/bb38aeb8-9807-47d1-a695-bd8035260968\'"\x1b[0m', 'start_line': 17, 'end_line': 18, 'runner_ident': 'bb38aeb8-9807-47d1-a695-bd8035260968', 'created': '2024-05-10T17:24:34.529937'}
2024-05-10T17:24:34.593060+00:00 CRITICAL 'ansible_navigator.actions.run_playbook._handle_message' Unhandled message from runner queue, discarded: {'event': 'verbose', 'uuid': '90891afc-4e7b-4883-83ba-94977501aaab', 'counter': 19, 'stdout': '\x1b[0;31mERROR! Invalid callback for stdout specified: awx_display\x1b[0m', 'start_line': 18, 'end_line': 19, 'runner_ident': 'bb38aeb8-9807-47d1-a695-bd8035260968', 'created': '2024-05-10T17:24:34.589282'}
